INFO play-akka.actor.default-dispatcher-97 de.htwg.xiangqi.view.tui - 
1: Player Red, choose piece and point: 
INFO play-akka.actor.default-dispatcher-102 de.htwg.xiangqi.view.tui - 
   0   1   2   3   4   5   6   7   8
0 [BR][BH][BE][BA][BG][BA][BE][BH][BR]
1 [  ][  ][  ][  ][  ][  ][  ][  ][  ]
2 [  ][BC][  ][  ][  ][  ][  ][BC][  ]
3 [BS][  ][BS][  ][BS][  ][BS][  ][BS]
4 [  ][  ][  ][  ][  ][  ][  ][  ][  ]
5 [  ][  ][  ][  ][  ][  ][  ][  ][  ]
6 [RS][  ][RS][  ][RS][  ][RS][  ][RS]
7 [  ][RC][  ][  ][  ][  ][  ][RC][  ]
8 [  ][  ][  ][  ][  ][  ][  ][  ][  ]
9 [RR][RH][RE][RA][RG][RA][RE][RH][RR]

INFO play-akka.actor.default-dispatcher-102 de.htwg.xiangqi.view.tui - 
1: Player Red, choose piece and point: 
INFO play-akka.actor.default-dispatcher-110 de.htwg.xiangqi.view.tui - 
   0   1   2   3   4   5   6   7   8
0 [BR][BH][BE][BA][BG][BA][BE][BH][BR]
1 [  ][  ][  ][  ][  ][  ][  ][  ][  ]
2 [  ][BC][  ][  ][  ][  ][  ][BC][  ]
3 [BS][  ][BS][  ][BS][  ][BS][  ][BS]
4 [  ][  ][  ][  ][  ][  ][  ][  ][  ]
5 [  ][  ][  ][  ][  ][  ][  ][  ][  ]
6 [RS][  ][RS][  ][RS][  ][RS][  ][RS]
7 [  ][RC][  ][  ][  ][  ][  ][RC][  ]
8 [  ][  ][  ][  ][  ][  ][  ][  ][  ]
9 [RR][RH][RE][RA][RG][RA][RE][RH][RR]

INFO play-akka.actor.default-dispatcher-110 de.htwg.xiangqi.view.tui - 
1: Player Red, choose piece and point: 
INFO play-akka.actor.default-dispatcher-116 de.htwg.xiangqi.view.tui - 
   0   1   2   3   4   5   6   7   8
0 [BR][BH][BE][BA][BG][BA][BE][BH][BR]
1 [  ][  ][  ][  ][  ][  ][  ][  ][  ]
2 [  ][BC][  ][  ][  ][  ][  ][BC][  ]
3 [BS][  ][BS][  ][BS][  ][BS][  ][BS]
4 [  ][  ][  ][  ][  ][  ][  ][  ][  ]
5 [  ][  ][  ][  ][  ][  ][  ][  ][  ]
6 [RS][  ][RS][  ][RS][  ][RS][  ][RS]
7 [  ][RC][  ][  ][  ][  ][  ][RC][  ]
8 [  ][  ][  ][  ][  ][  ][  ][  ][  ]
9 [RR][RH][RE][RA][RG][RA][RE][RH][RR]

INFO play-akka.actor.default-dispatcher-116 de.htwg.xiangqi.view.tui - 
1: Player Red, choose piece and point: 
INFO play-akka.actor.default-dispatcher-118 de.htwg.xiangqi.view.tui - 
   0   1   2   3   4   5   6   7   8
0 [BR][BH][BE][BA][BG][BA][BE][BH][BR]
1 [  ][  ][  ][  ][  ][  ][  ][  ][  ]
2 [  ][BC][  ][  ][  ][  ][  ][BC][  ]
3 [BS][  ][BS][  ][BS][  ][BS][  ][BS]
4 [  ][  ][  ][  ][  ][  ][  ][  ][  ]
5 [  ][  ][  ][  ][  ][  ][  ][  ][  ]
6 [RS][  ][RS][  ][RS][  ][RS][  ][RS]
7 [  ][RC][  ][  ][  ][  ][  ][RC][  ]
8 [  ][  ][  ][  ][  ][  ][  ][  ][  ]
9 [RR][RH][RE][RA][RG][RA][RE][RH][RR]

INFO play-akka.actor.default-dispatcher-118 de.htwg.xiangqi.view.tui - 
1: Player Red, choose piece and point: 
INFO play-akka.actor.default-dispatcher-124 de.htwg.xiangqi.view.tui - 
   0   1   2   3   4   5   6   7   8
0 [BR][BH][BE][BA][BG][BA][BE][BH][BR]
1 [  ][  ][  ][  ][  ][  ][  ][  ][  ]
2 [  ][BC][  ][  ][  ][  ][  ][BC][  ]
3 [BS][  ][BS][  ][BS][  ][BS][  ][BS]
4 [  ][  ][  ][  ][  ][  ][  ][  ][  ]
5 [  ][  ][  ][  ][  ][  ][  ][  ][  ]
6 [RS][  ][RS][  ][RS][  ][RS][  ][RS]
7 [  ][RC][  ][  ][  ][  ][  ][RC][  ]
8 [  ][  ][  ][  ][  ][  ][  ][  ][  ]
9 [RR][RH][RE][RA][RG][RA][RE][RH][RR]

INFO play-akka.actor.default-dispatcher-124 de.htwg.xiangqi.view.tui - 
1: Player Red, choose piece and point: 
INFO play-akka.actor.default-dispatcher-124 de.htwg.xiangqi.view.tui - 
   0   1   2   3   4   5   6   7   8
0 [BR][BH][BE][BA][BG][BA][BE][BH][BR]
1 [  ][  ][  ][  ][  ][  ][  ][  ][  ]
2 [  ][BC][  ][  ][  ][  ][  ][BC][  ]
3 [BS][  ][BS][  ][BS][  ][BS][  ][BS]
4 [  ][  ][  ][  ][  ][  ][  ][  ][  ]
5 [  ][  ][  ][  ][  ][  ][  ][  ][  ]
6 [RS][  ][RS][  ][RS][  ][RS][  ][RS]
7 [  ][RC][  ][  ][  ][  ][  ][RC][  ]
8 [  ][  ][  ][  ][  ][  ][  ][  ][  ]
9 [RR][RH][RE][RA][RG][RA][RE][RH][RR]

INFO play-akka.actor.default-dispatcher-124 de.htwg.xiangqi.view.tui - 
1: Player Red, choose piece and point: 
INFO play-akka.actor.default-dispatcher-134 de.htwg.xiangqi.view.tui - 
   0   1   2   3   4   5   6   7   8
0 [BR][BH][BE][BA][BG][BA][BE][BH][BR]
1 [  ][  ][  ][  ][  ][  ][  ][  ][  ]
2 [  ][BC][  ][  ][  ][  ][  ][BC][  ]
3 [BS][  ][BS][  ][BS][  ][BS][  ][BS]
4 [  ][  ][  ][  ][  ][  ][  ][  ][  ]
5 [  ][  ][  ][  ][  ][  ][  ][  ][  ]
6 [RS][  ][RS][  ][RS][  ][RS][  ][RS]
7 [  ][RC][  ][  ][  ][  ][  ][RC][  ]
8 [  ][  ][  ][  ][  ][  ][  ][  ][  ]
9 [RR][RH][RE][RA][RG][RA][RE][RH][RR]

INFO play-akka.actor.default-dispatcher-134 de.htwg.xiangqi.view.tui - 
1: Player Red, choose piece and point: 
INFO play-akka.actor.default-dispatcher-144 de.htwg.xiangqi.view.tui - 
   0   1   2   3   4   5   6   7   8
0 [BR][BH][BE][BA][BG][BA][BE][BH][BR]
1 [  ][  ][  ][  ][  ][  ][  ][  ][  ]
2 [  ][BC][  ][  ][  ][  ][  ][BC][  ]
3 [BS][  ][BS][  ][BS][  ][BS][  ][BS]
4 [  ][  ][  ][  ][  ][  ][  ][  ][  ]
5 [  ][  ][  ][  ][  ][  ][  ][  ][  ]
6 [RS][  ][RS][  ][RS][  ][RS][  ][RS]
7 [  ][RC][  ][  ][  ][  ][  ][RC][  ]
8 [  ][  ][  ][  ][  ][  ][  ][  ][  ]
9 [RR][RH][RE][RA][RG][RA][RE][RH][RR]

INFO play-akka.actor.default-dispatcher-144 de.htwg.xiangqi.view.tui - 
1: Player Red, choose piece and point: 
INFO play-akka.actor.default-dispatcher-146 de.htwg.xiangqi.view.tui - 
   0   1   2   3   4   5   6   7   8
0 [BR][BH][BE][BA][BG][BA][BE][BH][BR]
1 [  ][  ][  ][  ][  ][  ][  ][  ][  ]
2 [  ][BC][  ][  ][  ][  ][  ][BC][  ]
3 [BS][  ][BS][  ][BS][  ][BS][  ][BS]
4 [  ][  ][  ][  ][  ][  ][  ][  ][  ]
5 [  ][  ][  ][  ][  ][  ][  ][  ][  ]
6 [RS][  ][RS][  ][RS][  ][RS][  ][RS]
7 [  ][RC][  ][  ][  ][  ][  ][RC][  ]
8 [  ][  ][  ][  ][  ][  ][  ][  ][  ]
9 [RR][RH][RE][RA][RG][RA][RE][RH][RR]

INFO play-akka.actor.default-dispatcher-146 de.htwg.xiangqi.view.tui - 
1: Player Red, choose piece and point: 
INFO play-akka.actor.default-dispatcher-152 de.htwg.xiangqi.view.tui - 
   0   1   2   3   4   5   6   7   8
0 [BR][BH][BE][BA][BG][BA][BE][BH][BR]
1 [  ][  ][  ][  ][  ][  ][  ][  ][  ]
2 [  ][BC][  ][  ][  ][  ][  ][BC][  ]
3 [BS][  ][BS][  ][BS][  ][BS][  ][BS]
4 [  ][  ][  ][  ][  ][  ][  ][  ][  ]
5 [  ][  ][  ][  ][  ][  ][  ][  ][  ]
6 [RS][  ][RS][  ][RS][  ][RS][  ][RS]
7 [  ][RC][  ][  ][  ][  ][  ][RC][  ]
8 [  ][  ][  ][  ][  ][  ][  ][  ][  ]
9 [RR][RH][RE][RA][RG][RA][RE][RH][RR]

INFO play-akka.actor.default-dispatcher-152 de.htwg.xiangqi.view.tui - 
1: Player Red, choose piece and point: 
INFO play-akka.actor.default-dispatcher-152 de.htwg.xiangqi.view.tui - 
   0   1   2   3   4   5   6   7   8
0 [BR][BH][BE][BA][BG][BA][BE][BH][BR]
1 [  ][  ][  ][  ][  ][  ][  ][  ][  ]
2 [  ][BC][  ][  ][  ][  ][  ][BC][  ]
3 [BS][  ][BS][  ][BS][  ][BS][  ][BS]
4 [  ][  ][  ][  ][  ][  ][  ][  ][  ]
5 [  ][  ][  ][  ][  ][  ][  ][  ][  ]
6 [RS][  ][RS][  ][RS][  ][RS][  ][RS]
7 [  ][RC][  ][  ][  ][  ][  ][RC][  ]
8 [  ][  ][  ][  ][  ][  ][  ][  ][  ]
9 [RR][RH][RE][RA][RG][RA][RE][RH][RR]

INFO play-akka.actor.default-dispatcher-152 de.htwg.xiangqi.view.tui - 
1: Player Red, choose piece and point: 
INFO play-akka.actor.default-dispatcher-162 de.htwg.xiangqi.view.tui - 
   0   1   2   3   4   5   6   7   8
0 [BR][BH][BE][BA][BG][BA][BE][BH][BR]
1 [  ][  ][  ][  ][  ][  ][  ][  ][  ]
2 [  ][BC][  ][  ][  ][  ][  ][BC][  ]
3 [BS][  ][BS][  ][BS][  ][BS][  ][BS]
4 [  ][  ][  ][  ][  ][  ][  ][  ][  ]
5 [  ][  ][  ][  ][  ][  ][  ][  ][  ]
6 [RS][  ][RS][  ][RS][  ][RS][  ][RS]
7 [  ][RC][  ][  ][  ][  ][  ][RC][  ]
8 [  ][  ][  ][  ][  ][  ][  ][  ][  ]
9 [RR][RH][RE][RA][RG][RA][RE][RH][RR]

INFO play-akka.actor.default-dispatcher-162 de.htwg.xiangqi.view.tui - 
1: Player Red, choose piece and point: 
INFO play-akka.actor.default-dispatcher-170 de.htwg.xiangqi.view.tui - 
   0   1   2   3   4   5   6   7   8
0 [BR][BH][BE][BA][BG][BA][BE][BH][BR]
1 [  ][  ][  ][  ][  ][  ][  ][  ][  ]
2 [  ][BC][  ][  ][  ][  ][  ][BC][  ]
3 [BS][  ][BS][  ][BS][  ][BS][  ][BS]
4 [  ][  ][  ][  ][  ][  ][  ][  ][  ]
5 [  ][  ][  ][  ][  ][  ][  ][  ][  ]
6 [RS][  ][RS][  ][RS][  ][RS][  ][RS]
7 [  ][RC][  ][  ][  ][  ][  ][RC][  ]
8 [  ][  ][  ][  ][  ][  ][  ][  ][  ]
9 [RR][RH][RE][RA][RG][RA][RE][RH][RR]

INFO play-akka.actor.default-dispatcher-170 de.htwg.xiangqi.view.tui - 
1: Player Red, choose piece and point: 
INFO play-akka.actor.default-dispatcher-175 de.htwg.xiangqi.view.tui - 
   0   1   2   3   4   5   6   7   8
0 [BR][BH][BE][BA][BG][BA][BE][BH][BR]
1 [  ][  ][  ][  ][  ][  ][  ][  ][  ]
2 [  ][BC][  ][  ][  ][  ][  ][BC][  ]
3 [BS][  ][BS][  ][BS][  ][BS][  ][BS]
4 [  ][  ][  ][  ][  ][  ][  ][  ][  ]
5 [  ][  ][  ][  ][  ][  ][  ][  ][  ]
6 [RS][  ][RS][  ][RS][  ][RS][  ][RS]
7 [  ][RC][  ][  ][  ][  ][  ][RC][  ]
8 [  ][  ][  ][  ][  ][  ][  ][  ][  ]
9 [RR][RH][RE][RA][RG][RA][RE][RH][RR]

INFO play-akka.actor.default-dispatcher-175 de.htwg.xiangqi.view.tui - 
1: Player Red, choose piece and point: 
INFO play-akka.actor.default-dispatcher-183 de.htwg.xiangqi.view.tui - 
   0   1   2   3   4   5   6   7   8
0 [BR][BH][BE][BA][BG][BA][BE][BH][BR]
1 [  ][  ][  ][  ][  ][  ][  ][  ][  ]
2 [  ][BC][  ][  ][  ][  ][  ][BC][  ]
3 [BS][  ][BS][  ][BS][  ][BS][  ][BS]
4 [  ][  ][  ][  ][  ][  ][  ][  ][  ]
5 [  ][  ][  ][  ][  ][  ][  ][  ][  ]
6 [RS][  ][RS][  ][RS][  ][RS][  ][RS]
7 [  ][RC][  ][  ][  ][  ][  ][RC][  ]
8 [  ][  ][  ][  ][  ][  ][  ][  ][  ]
9 [RR][RH][RE][RA][RG][RA][RE][RH][RR]

INFO play-akka.actor.default-dispatcher-183 de.htwg.xiangqi.view.tui - 
1: Player Red, choose piece and point: 
INFO play-akka.actor.default-dispatcher-188 de.htwg.xiangqi.view.tui - 
   0   1   2   3   4   5   6   7   8
0 [BR][BH][BE][BA][BG][BA][BE][BH][BR]
1 [  ][  ][  ][  ][  ][  ][  ][  ][  ]
2 [  ][BC][  ][  ][  ][  ][  ][BC][  ]
3 [BS][  ][BS][  ][BS][  ][BS][  ][BS]
4 [  ][  ][  ][  ][  ][  ][  ][  ][  ]
5 [  ][  ][  ][  ][  ][  ][  ][  ][  ]
6 [RS][  ][RS][  ][RS][  ][RS][  ][RS]
7 [  ][RC][  ][  ][  ][  ][  ][RC][  ]
8 [  ][  ][  ][  ][  ][  ][  ][  ][  ]
9 [RR][RH][RE][RA][RG][RA][RE][RH][RR]

INFO play-akka.actor.default-dispatcher-188 de.htwg.xiangqi.view.tui - 
1: Player Red, choose piece and point: 
INFO play-akka.actor.default-dispatcher-188 de.htwg.xiangqi.view.tui - 
   0   1   2   3   4   5   6   7   8
0 [BR][BH][BE][BA][BG][BA][BE][BH][BR]
1 [  ][  ][  ][  ][  ][  ][  ][  ][  ]
2 [  ][BC][  ][  ][  ][  ][  ][BC][  ]
3 [BS][  ][BS][  ][BS][  ][BS][  ][BS]
4 [  ][  ][  ][  ][  ][  ][  ][  ][  ]
5 [  ][  ][  ][  ][  ][  ][  ][  ][  ]
6 [RS][  ][RS][  ][RS][  ][RS][  ][RS]
7 [  ][RC][  ][  ][  ][  ][  ][RC][  ]
8 [  ][  ][  ][  ][  ][  ][  ][  ][  ]
9 [RR][RH][RE][RA][RG][RA][RE][RH][RR]

INFO play-akka.actor.default-dispatcher-188 de.htwg.xiangqi.view.tui - 
1: Player Red, choose piece and point: 
INFO play-akka.actor.default-dispatcher-199 de.htwg.xiangqi.view.tui - 
   0   1   2   3   4   5   6   7   8
0 [BR][BH][BE][BA][BG][BA][BE][BH][BR]
1 [  ][  ][  ][  ][  ][  ][  ][  ][  ]
2 [  ][BC][  ][  ][  ][  ][  ][BC][  ]
3 [BS][  ][BS][  ][BS][  ][BS][  ][BS]
4 [  ][  ][  ][  ][  ][  ][  ][  ][  ]
5 [  ][  ][  ][  ][  ][  ][  ][  ][  ]
6 [RS][  ][RS][  ][RS][  ][RS][  ][RS]
7 [  ][RC][  ][  ][  ][  ][  ][RC][  ]
8 [  ][  ][  ][  ][  ][  ][  ][  ][  ]
9 [RR][RH][RE][RA][RG][RA][RE][RH][RR]

INFO play-akka.actor.default-dispatcher-199 de.htwg.xiangqi.view.tui - 
1: Player Red, choose piece and point: 
INFO play-akka.actor.default-dispatcher-203 de.htwg.xiangqi.view.tui - 
   0   1   2   3   4   5   6   7   8
0 [BR][BH][BE][BA][BG][BA][BE][BH][BR]
1 [  ][  ][  ][  ][  ][  ][  ][  ][  ]
2 [  ][BC][  ][  ][  ][  ][  ][BC][  ]
3 [BS][  ][BS][  ][BS][  ][BS][  ][BS]
4 [  ][  ][  ][  ][  ][  ][  ][  ][  ]
5 [  ][  ][  ][  ][  ][  ][  ][  ][  ]
6 [RS][  ][RS][  ][RS][  ][RS][  ][RS]
7 [  ][RC][  ][  ][  ][  ][  ][RC][  ]
8 [  ][  ][  ][  ][  ][  ][  ][  ][  ]
9 [RR][RH][RE][RA][RG][RA][RE][RH][RR]

INFO play-akka.actor.default-dispatcher-203 de.htwg.xiangqi.view.tui - 
1: Player Red, choose piece and point: 
INFO play-akka.actor.default-dispatcher-206 de.htwg.xiangqi.view.tui - 
   0   1   2   3   4   5   6   7   8
0 [BR][BH][BE][BA][BG][BA][BE][BH][BR]
1 [  ][  ][  ][  ][  ][  ][  ][  ][  ]
2 [  ][BC][  ][  ][  ][  ][  ][BC][  ]
3 [BS][  ][BS][  ][BS][  ][BS][  ][BS]
4 [  ][  ][  ][  ][  ][  ][  ][  ][  ]
5 [  ][  ][  ][  ][  ][  ][  ][  ][  ]
6 [RS][  ][RS][  ][RS][  ][RS][  ][RS]
7 [  ][RC][  ][  ][  ][  ][  ][RC][  ]
8 [  ][  ][  ][  ][  ][  ][  ][  ][  ]
9 [RR][RH][RE][RA][RG][RA][RE][RH][RR]

INFO play-akka.actor.default-dispatcher-206 de.htwg.xiangqi.view.tui - 
1: Player Red, choose piece and point: 
INFO play-akka.actor.default-dispatcher-213 de.htwg.xiangqi.view.tui - 
   0   1   2   3   4   5   6   7   8
0 [BR][BH][BE][BA][BG][BA][BE][BH][BR]
1 [  ][  ][  ][  ][  ][  ][  ][  ][  ]
2 [  ][BC][  ][  ][  ][  ][  ][BC][  ]
3 [BS][  ][BS][  ][BS][  ][BS][  ][BS]
4 [  ][  ][  ][  ][  ][  ][  ][  ][  ]
5 [  ][  ][  ][  ][  ][  ][  ][  ][  ]
6 [RS][  ][RS][  ][RS][  ][RS][  ][RS]
7 [  ][RC][  ][  ][  ][  ][  ][RC][  ]
8 [  ][  ][  ][  ][  ][  ][  ][  ][  ]
9 [RR][RH][RE][RA][RG][RA][RE][RH][RR]

INFO play-akka.actor.default-dispatcher-213 de.htwg.xiangqi.view.tui - 
1: Player Red, choose piece and point: 
INFO play-akka.actor.default-dispatcher-218 de.htwg.xiangqi.view.tui - 
   0   1   2   3   4   5   6   7   8
0 [BR][BH][BE][BA][BG][BA][BE][BH][BR]
1 [  ][  ][  ][  ][  ][  ][  ][  ][  ]
2 [  ][BC][  ][  ][  ][  ][  ][BC][  ]
3 [BS][  ][BS][  ][BS][  ][BS][  ][BS]
4 [  ][  ][  ][  ][  ][  ][  ][  ][  ]
5 [  ][  ][  ][  ][  ][  ][  ][  ][  ]
6 [RS][  ][RS][  ][RS][  ][RS][  ][RS]
7 [  ][RC][  ][  ][  ][  ][  ][RC][  ]
8 [  ][  ][  ][  ][  ][  ][  ][  ][  ]
9 [RR][RH][RE][RA][RG][RA][RE][RH][RR]

INFO play-akka.actor.default-dispatcher-218 de.htwg.xiangqi.view.tui - 
1: Player Red, choose piece and point: 
INFO play-akka.actor.default-dispatcher-229 de.htwg.xiangqi.view.tui - 
   0   1   2   3   4   5   6   7   8
0 [BR][BH][BE][BA][BG][BA][BE][BH][BR]
1 [  ][  ][  ][  ][  ][  ][  ][  ][  ]
2 [  ][BC][  ][  ][  ][  ][  ][BC][  ]
3 [BS][  ][BS][  ][BS][  ][BS][  ][BS]
4 [  ][  ][  ][  ][  ][  ][  ][  ][  ]
5 [  ][  ][  ][  ][  ][  ][  ][  ][  ]
6 [RS][  ][RS][  ][RS][  ][RS][  ][RS]
7 [  ][RC][  ][  ][  ][  ][  ][RC][  ]
8 [  ][  ][  ][  ][  ][  ][  ][  ][  ]
9 [RR][RH][RE][RA][RG][RA][RE][RH][RR]

INFO play-akka.actor.default-dispatcher-229 de.htwg.xiangqi.view.tui - 
1: Player Red, choose piece and point: 
INFO play-akka.actor.default-dispatcher-230 de.htwg.xiangqi.view.tui - 
   0   1   2   3   4   5   6   7   8
0 [BR][BH][BE][BA][BG][BA][BE][BH][BR]
1 [  ][  ][  ][  ][  ][  ][  ][  ][  ]
2 [  ][BC][  ][  ][  ][  ][  ][BC][  ]
3 [BS][  ][BS][  ][BS][  ][BS][  ][BS]
4 [  ][  ][  ][  ][  ][  ][  ][  ][  ]
5 [  ][  ][  ][  ][  ][  ][  ][  ][  ]
6 [RS][  ][RS][  ][RS][  ][RS][  ][RS]
7 [  ][RC][  ][  ][  ][  ][  ][RC][  ]
8 [  ][  ][  ][  ][  ][  ][  ][  ][  ]
9 [RR][RH][RE][RA][RG][RA][RE][RH][RR]

INFO play-akka.actor.default-dispatcher-230 de.htwg.xiangqi.view.tui - 
1: Player Red, choose piece and point: 
INFO play-akka.actor.default-dispatcher-241 de.htwg.xiangqi.view.tui - 
   0   1   2   3   4   5   6   7   8
0 [BR][BH][BE][BA][BG][BA][BE][BH][BR]
1 [  ][  ][  ][  ][  ][  ][  ][  ][  ]
2 [  ][BC][  ][  ][  ][  ][  ][BC][  ]
3 [BS][  ][BS][  ][BS][  ][BS][  ][BS]
4 [  ][  ][  ][  ][  ][  ][  ][  ][  ]
5 [  ][  ][  ][  ][  ][  ][  ][  ][  ]
6 [RS][  ][RS][  ][RS][  ][RS][  ][RS]
7 [  ][RC][  ][  ][  ][  ][  ][RC][  ]
8 [  ][  ][  ][  ][  ][  ][  ][  ][  ]
9 [RR][RH][RE][RA][RG][RA][RE][RH][RR]

INFO play-akka.actor.default-dispatcher-241 de.htwg.xiangqi.view.tui - 
1: Player Red, choose piece and point: 
INFO play-akka.actor.default-dispatcher-239 de.htwg.xiangqi.view.tui - 
   0   1   2   3   4   5   6   7   8
0 [BR][BH][BE][BA][BG][BA][BE][BH][BR]
1 [  ][  ][  ][  ][  ][  ][  ][  ][  ]
2 [  ][BC][  ][  ][  ][  ][  ][BC][  ]
3 [BS][  ][BS][  ][BS][  ][BS][  ][BS]
4 [  ][  ][  ][  ][  ][  ][  ][  ][  ]
5 [  ][  ][  ][  ][  ][  ][  ][  ][  ]
6 [RS][  ][RS][  ][RS][  ][RS][  ][RS]
7 [  ][RC][  ][  ][  ][  ][  ][RC][  ]
8 [  ][  ][  ][  ][  ][  ][  ][  ][  ]
9 [RR][RH][RE][RA][RG][RA][RE][RH][RR]

INFO play-akka.actor.default-dispatcher-239 de.htwg.xiangqi.view.tui - 
1: Player Red, choose piece and point: 
INFO play-akka.actor.default-dispatcher-251 de.htwg.xiangqi.view.tui - 
   0   1   2   3   4   5   6   7   8
0 [BR][BH][BE][BA][BG][BA][BE][BH][BR]
1 [  ][  ][  ][  ][  ][  ][  ][  ][  ]
2 [  ][BC][  ][  ][  ][  ][  ][BC][  ]
3 [BS][  ][BS][  ][BS][  ][BS][  ][BS]
4 [  ][  ][  ][  ][  ][  ][  ][  ][  ]
5 [  ][  ][  ][  ][  ][  ][  ][  ][  ]
6 [RS][  ][RS][  ][RS][  ][RS][  ][RS]
7 [  ][RC][  ][  ][  ][  ][  ][RC][  ]
8 [  ][  ][  ][  ][  ][  ][  ][  ][  ]
9 [RR][RH][RE][RA][RG][RA][RE][RH][RR]

INFO play-akka.actor.default-dispatcher-251 de.htwg.xiangqi.view.tui - 
1: Player Red, choose piece and point: 
INFO play-akka.actor.default-dispatcher-258 de.htwg.xiangqi.view.tui - 
   0   1   2   3   4   5   6   7   8
0 [BR][BH][BE][BA][BG][BA][BE][BH][BR]
1 [  ][  ][  ][  ][  ][  ][  ][  ][  ]
2 [  ][BC][  ][  ][  ][  ][  ][BC][  ]
3 [BS][  ][BS][  ][BS][  ][BS][  ][BS]
4 [  ][  ][  ][  ][  ][  ][  ][  ][  ]
5 [  ][  ][  ][  ][  ][  ][  ][  ][  ]
6 [RS][  ][RS][  ][RS][  ][RS][  ][RS]
7 [  ][RC][  ][  ][  ][  ][  ][RC][  ]
8 [  ][  ][  ][  ][  ][  ][  ][  ][  ]
9 [RR][RH][RE][RA][RG][RA][RE][RH][RR]

INFO play-akka.actor.default-dispatcher-258 de.htwg.xiangqi.view.tui - 
1: Player Red, choose piece and point: 
INFO play-akka.actor.default-dispatcher-264 de.htwg.xiangqi.view.tui - 
   0   1   2   3   4   5   6   7   8
0 [BR][BH][BE][BA][BG][BA][BE][BH][BR]
1 [  ][  ][  ][  ][  ][  ][  ][  ][  ]
2 [  ][BC][  ][  ][  ][  ][  ][BC][  ]
3 [BS][  ][BS][  ][BS][  ][BS][  ][BS]
4 [  ][  ][  ][  ][  ][  ][  ][  ][  ]
5 [  ][  ][  ][  ][  ][  ][  ][  ][  ]
6 [RS][  ][RS][  ][RS][  ][RS][  ][RS]
7 [  ][RC][  ][  ][  ][  ][  ][RC][  ]
8 [  ][  ][  ][  ][  ][  ][  ][  ][  ]
9 [RR][RH][RE][RA][RG][RA][RE][RH][RR]

INFO play-akka.actor.default-dispatcher-264 de.htwg.xiangqi.view.tui - 
1: Player Red, choose piece and point: 
INFO play-akka.actor.default-dispatcher-271 de.htwg.xiangqi.view.tui - 
   0   1   2   3   4   5   6   7   8
0 [BR][BH][BE][BA][BG][BA][BE][BH][BR]
1 [  ][  ][  ][  ][  ][  ][  ][  ][  ]
2 [  ][BC][  ][  ][  ][  ][  ][BC][  ]
3 [BS][  ][BS][  ][BS][  ][BS][  ][BS]
4 [  ][  ][  ][  ][  ][  ][  ][  ][  ]
5 [  ][  ][  ][  ][  ][  ][  ][  ][  ]
6 [RS][  ][RS][  ][RS][  ][RS][  ][RS]
7 [  ][RC][  ][  ][  ][  ][  ][RC][  ]
8 [  ][  ][  ][  ][  ][  ][  ][  ][  ]
9 [RR][RH][RE][RA][RG][RA][RE][RH][RR]

INFO play-akka.actor.default-dispatcher-271 de.htwg.xiangqi.view.tui - 
1: Player Red, choose piece and point: 
INFO play-akka.actor.default-dispatcher-280 de.htwg.xiangqi.view.tui - 
   0   1   2   3   4   5   6   7   8
0 [BR][BH][BE][BA][BG][BA][BE][BH][BR]
1 [  ][  ][  ][  ][  ][  ][  ][  ][  ]
2 [  ][BC][  ][  ][  ][  ][  ][BC][  ]
3 [BS][  ][BS][  ][BS][  ][BS][  ][BS]
4 [  ][  ][  ][  ][  ][  ][  ][  ][  ]
5 [  ][  ][  ][  ][  ][  ][  ][  ][  ]
6 [RS][  ][RS][  ][RS][  ][RS][  ][RS]
7 [  ][RC][  ][  ][  ][  ][  ][RC][  ]
8 [  ][  ][  ][  ][  ][  ][  ][  ][  ]
9 [RR][RH][RE][RA][RG][RA][RE][RH][RR]

INFO play-akka.actor.default-dispatcher-280 de.htwg.xiangqi.view.tui - 
1: Player Red, choose piece and point: 
INFO play-akka.actor.default-dispatcher-288 de.htwg.xiangqi.view.tui - 
   0   1   2   3   4   5   6   7   8
0 [BR][BH][BE][BA][BG][BA][BE][BH][BR]
1 [  ][  ][  ][  ][  ][  ][  ][  ][  ]
2 [  ][BC][  ][  ][  ][  ][  ][BC][  ]
3 [BS][  ][BS][  ][BS][  ][BS][  ][BS]
4 [  ][  ][  ][  ][  ][  ][  ][  ][  ]
5 [  ][  ][  ][  ][  ][  ][  ][  ][  ]
6 [RS][  ][RS][  ][RS][  ][RS][  ][RS]
7 [  ][RC][  ][  ][  ][  ][  ][RC][  ]
8 [  ][  ][  ][  ][  ][  ][  ][  ][  ]
9 [RR][RH][RE][RA][RG][RA][RE][RH][RR]

INFO play-akka.actor.default-dispatcher-288 de.htwg.xiangqi.view.tui - 
1: Player Red, choose piece and point: 
INFO play-akka.actor.default-dispatcher-288 de.htwg.xiangqi.view.tui - 
   0   1   2   3   4   5   6   7   8
0 [BR][BH][BE][BA][BG][BA][BE][BH][BR]
1 [  ][  ][  ][  ][  ][  ][  ][  ][  ]
2 [  ][BC][  ][  ][  ][  ][  ][BC][  ]
3 [BS][  ][BS][  ][BS][  ][BS][  ][BS]
4 [  ][  ][  ][  ][  ][  ][  ][  ][  ]
5 [  ][  ][  ][  ][  ][  ][  ][  ][  ]
6 [RS][  ][RS][  ][RS][  ][RS][  ][RS]
7 [  ][RC][  ][  ][  ][  ][  ][RC][  ]
8 [  ][  ][  ][  ][  ][  ][  ][  ][  ]
9 [RR][RH][RE][RA][RG][RA][RE][RH][RR]

INFO play-akka.actor.default-dispatcher-288 de.htwg.xiangqi.view.tui - 
1: Player Red, choose piece and point: 
INFO play-akka.actor.default-dispatcher-304 de.htwg.xiangqi.view.tui - 
   0   1   2   3   4   5   6   7   8
0 [BR][BH][BE][BA][BG][BA][BE][BH][BR]
1 [  ][  ][  ][  ][  ][  ][  ][  ][  ]
2 [  ][BC][  ][  ][  ][  ][  ][BC][  ]
3 [BS][  ][BS][  ][BS][  ][BS][  ][BS]
4 [  ][  ][  ][  ][  ][  ][  ][  ][  ]
5 [  ][  ][  ][  ][  ][  ][  ][  ][  ]
6 [RS][  ][RS][  ][RS][  ][RS][  ][RS]
7 [  ][RC][  ][  ][  ][  ][  ][RC][  ]
8 [  ][  ][  ][  ][  ][  ][  ][  ][  ]
9 [RR][RH][RE][RA][RG][RA][RE][RH][RR]

INFO play-akka.actor.default-dispatcher-304 de.htwg.xiangqi.view.tui - 
1: Player Red, choose piece and point: 
INFO play-akka.actor.default-dispatcher-310 de.htwg.xiangqi.view.tui - 
   0   1   2   3   4   5   6   7   8
0 [BR][BH][BE][BA][BG][BA][BE][BH][BR]
1 [  ][  ][  ][  ][  ][  ][  ][  ][  ]
2 [  ][BC][  ][  ][  ][  ][  ][BC][  ]
3 [BS][  ][BS][  ][BS][  ][BS][  ][BS]
4 [  ][  ][  ][  ][  ][  ][  ][  ][  ]
5 [  ][  ][  ][  ][  ][  ][  ][  ][  ]
6 [RS][  ][RS][  ][RS][  ][RS][  ][RS]
7 [  ][RC][  ][  ][  ][  ][  ][RC][  ]
8 [  ][  ][  ][  ][  ][  ][  ][  ][  ]
9 [RR][RH][RE][RA][RG][RA][RE][RH][RR]

INFO play-akka.actor.default-dispatcher-310 de.htwg.xiangqi.view.tui - 
1: Player Red, choose piece and point: 
INFO play-akka.actor.default-dispatcher-317 de.htwg.xiangqi.view.tui - 
   0   1   2   3   4   5   6   7   8
0 [BR][BH][BE][BA][BG][BA][BE][BH][BR]
1 [  ][  ][  ][  ][  ][  ][  ][  ][  ]
2 [  ][BC][  ][  ][  ][  ][  ][BC][  ]
3 [BS][  ][BS][  ][BS][  ][BS][  ][BS]
4 [  ][  ][  ][  ][  ][  ][  ][  ][  ]
5 [  ][  ][  ][  ][  ][  ][  ][  ][  ]
6 [RS][  ][RS][  ][RS][  ][RS][  ][RS]
7 [  ][RC][  ][  ][  ][  ][  ][RC][  ]
8 [  ][  ][  ][  ][  ][  ][  ][  ][  ]
9 [RR][RH][RE][RA][RG][RA][RE][RH][RR]

INFO play-akka.actor.default-dispatcher-317 de.htwg.xiangqi.view.tui - 
1: Player Red, choose piece and point: 
INFO play-akka.actor.default-dispatcher-325 de.htwg.xiangqi.view.tui - 
   0   1   2   3   4   5   6   7   8
0 [BR][BH][BE][BA][BG][BA][BE][BH][BR]
1 [  ][  ][  ][  ][  ][  ][  ][  ][  ]
2 [  ][BC][  ][  ][  ][  ][  ][BC][  ]
3 [BS][  ][BS][  ][BS][  ][BS][  ][BS]
4 [  ][  ][  ][  ][  ][  ][  ][  ][  ]
5 [  ][  ][  ][  ][  ][  ][  ][  ][  ]
6 [RS][  ][RS][  ][RS][  ][RS][  ][RS]
7 [  ][RC][  ][  ][  ][  ][  ][RC][  ]
8 [  ][  ][  ][  ][  ][  ][  ][  ][  ]
9 [RR][RH][RE][RA][RG][RA][RE][RH][RR]

INFO play-akka.actor.default-dispatcher-325 de.htwg.xiangqi.view.tui - 
1: Player Red, choose piece and point: 
INFO play-akka.actor.default-dispatcher-320 de.htwg.xiangqi.view.tui - 
   0   1   2   3   4   5   6   7   8
0 [BR][BH][BE][BA][BG][BA][BE][BH][BR]
1 [  ][  ][  ][  ][  ][  ][  ][  ][  ]
2 [  ][BC][  ][  ][  ][  ][  ][BC][  ]
3 [BS][  ][BS][  ][BS][  ][BS][  ][BS]
4 [  ][  ][  ][  ][  ][  ][  ][  ][  ]
5 [  ][  ][  ][  ][  ][  ][  ][  ][  ]
6 [RS][  ][RS][  ][RS][  ][RS][  ][RS]
7 [  ][RC][  ][  ][  ][  ][  ][RC][  ]
8 [  ][  ][  ][  ][  ][  ][  ][  ][  ]
9 [RR][RH][RE][RA][RG][RA][RE][RH][RR]

INFO play-akka.actor.default-dispatcher-320 de.htwg.xiangqi.view.tui - 
1: Player Red, choose piece and point: 
INFO play-akka.actor.default-dispatcher-329 de.htwg.xiangqi.view.tui - 
   0   1   2   3   4   5   6   7   8
0 [BR][BH][BE][BA][BG][BA][BE][BH][BR]
1 [  ][  ][  ][  ][  ][  ][  ][  ][  ]
2 [  ][BC][  ][  ][  ][  ][  ][BC][  ]
3 [BS][  ][BS][  ][BS][  ][BS][  ][BS]
4 [  ][  ][  ][  ][  ][  ][  ][  ][  ]
5 [  ][  ][  ][  ][  ][  ][  ][  ][  ]
6 [RS][  ][RS][  ][RS][  ][RS][  ][RS]
7 [  ][RC][  ][  ][  ][  ][  ][RC][  ]
8 [  ][  ][  ][  ][  ][  ][  ][  ][  ]
9 [RR][RH][RE][RA][RG][RA][RE][RH][RR]

INFO play-akka.actor.default-dispatcher-329 de.htwg.xiangqi.view.tui - 
1: Player Red, choose piece and point: 
INFO play-akka.actor.default-dispatcher-336 de.htwg.xiangqi.view.tui - 
   0   1   2   3   4   5   6   7   8
0 [BR][BH][BE][BA][BG][BA][BE][BH][BR]
1 [  ][  ][  ][  ][  ][  ][  ][  ][  ]
2 [  ][BC][  ][  ][  ][  ][  ][BC][  ]
3 [BS][  ][BS][  ][BS][  ][BS][  ][BS]
4 [  ][  ][  ][  ][  ][  ][  ][  ][  ]
5 [  ][  ][  ][  ][  ][  ][  ][  ][  ]
6 [RS][  ][RS][  ][RS][  ][RS][  ][RS]
7 [  ][RC][  ][  ][  ][  ][  ][RC][  ]
8 [  ][  ][  ][  ][  ][  ][  ][  ][  ]
9 [RR][RH][RE][RA][RG][RA][RE][RH][RR]

INFO play-akka.actor.default-dispatcher-336 de.htwg.xiangqi.view.tui - 
1: Player Red, choose piece and point: 
INFO play-akka.actor.default-dispatcher-343 de.htwg.xiangqi.view.tui - 
   0   1   2   3   4   5   6   7   8
0 [BR][BH][BE][BA][BG][BA][BE][BH][BR]
1 [  ][  ][  ][  ][  ][  ][  ][  ][  ]
2 [  ][BC][  ][  ][  ][  ][  ][BC][  ]
3 [BS][  ][BS][  ][BS][  ][BS][  ][BS]
4 [  ][  ][  ][  ][  ][  ][  ][  ][  ]
5 [  ][  ][  ][  ][  ][  ][  ][  ][  ]
6 [RS][  ][RS][  ][RS][  ][RS][  ][RS]
7 [  ][RC][  ][  ][  ][  ][  ][RC][  ]
8 [  ][  ][  ][  ][  ][  ][  ][  ][  ]
9 [RR][RH][RE][RA][RG][RA][RE][RH][RR]

INFO play-akka.actor.default-dispatcher-343 de.htwg.xiangqi.view.tui - 
1: Player Red, choose piece and point: 
INFO play-akka.actor.default-dispatcher-348 de.htwg.xiangqi.view.tui - 
   0   1   2   3   4   5   6   7   8
0 [BR][BH][BE][BA][BG][BA][BE][BH][BR]
1 [  ][  ][  ][  ][  ][  ][  ][  ][  ]
2 [  ][BC][  ][  ][  ][  ][  ][BC][  ]
3 [BS][  ][BS][  ][BS][  ][BS][  ][BS]
4 [  ][  ][  ][  ][  ][  ][  ][  ][  ]
5 [  ][  ][  ][  ][  ][  ][  ][  ][  ]
6 [RS][  ][RS][  ][RS][  ][RS][  ][RS]
7 [  ][RC][  ][  ][  ][  ][  ][RC][  ]
8 [  ][  ][  ][  ][  ][  ][  ][  ][  ]
9 [RR][RH][RE][RA][RG][RA][RE][RH][RR]

INFO play-akka.actor.default-dispatcher-348 de.htwg.xiangqi.view.tui - 
1: Player Red, choose piece and point: 
INFO play-akka.actor.default-dispatcher-355 de.htwg.xiangqi.view.tui - 
   0   1   2   3   4   5   6   7   8
0 [BR][BH][BE][BA][BG][BA][BE][BH][BR]
1 [  ][  ][  ][  ][  ][  ][  ][  ][  ]
2 [  ][BC][  ][  ][  ][  ][  ][BC][  ]
3 [BS][  ][BS][  ][BS][  ][BS][  ][BS]
4 [  ][  ][  ][  ][  ][  ][  ][  ][  ]
5 [  ][  ][  ][  ][  ][  ][  ][  ][  ]
6 [RS][  ][RS][  ][RS][  ][RS][  ][RS]
7 [  ][RC][  ][  ][  ][  ][  ][RC][  ]
8 [  ][  ][  ][  ][  ][  ][  ][  ][  ]
9 [RR][RH][RE][RA][RG][RA][RE][RH][RR]

INFO play-akka.actor.default-dispatcher-355 de.htwg.xiangqi.view.tui - 
1: Player Red, choose piece and point: 
INFO play-akka.actor.default-dispatcher-365 de.htwg.xiangqi.view.tui - 
   0   1   2   3   4   5   6   7   8
0 [BR][BH][BE][BA][BG][BA][BE][BH][BR]
1 [  ][  ][  ][  ][  ][  ][  ][  ][  ]
2 [  ][BC][  ][  ][  ][  ][  ][BC][  ]
3 [BS][  ][BS][  ][BS][  ][BS][  ][BS]
4 [  ][  ][  ][  ][  ][  ][  ][  ][  ]
5 [  ][  ][  ][  ][  ][  ][  ][  ][  ]
6 [RS][  ][RS][  ][RS][  ][RS][  ][RS]
7 [  ][RC][  ][  ][  ][  ][  ][RC][  ]
8 [  ][  ][  ][  ][  ][  ][  ][  ][  ]
9 [RR][RH][RE][RA][RG][RA][RE][RH][RR]

INFO play-akka.actor.default-dispatcher-365 de.htwg.xiangqi.view.tui - 
1: Player Red, choose piece and point: 
INFO play-akka.actor.default-dispatcher-367 de.htwg.xiangqi.view.tui - 
   0   1   2   3   4   5   6   7   8
0 [BR][BH][BE][BA][BG][BA][BE][BH][BR]
1 [  ][  ][  ][  ][  ][  ][  ][  ][  ]
2 [  ][BC][  ][  ][  ][  ][  ][BC][  ]
3 [BS][  ][BS][  ][BS][  ][BS][  ][BS]
4 [  ][  ][  ][  ][  ][  ][  ][  ][  ]
5 [  ][  ][  ][  ][  ][  ][  ][  ][  ]
6 [RS][  ][RS][  ][RS][  ][RS][  ][RS]
7 [  ][RC][  ][  ][  ][  ][  ][RC][  ]
8 [  ][  ][  ][  ][  ][  ][  ][  ][  ]
9 [RR][RH][RE][RA][RG][RA][RE][RH][RR]

INFO play-akka.actor.default-dispatcher-367 de.htwg.xiangqi.view.tui - 
1: Player Red, choose piece and point: 
INFO play-akka.actor.default-dispatcher-372 de.htwg.xiangqi.view.tui - 
   0   1   2   3   4   5   6   7   8
0 [BR][BH][BE][BA][BG][BA][BE][BH][BR]
1 [  ][  ][  ][  ][  ][  ][  ][  ][  ]
2 [  ][BC][  ][  ][  ][  ][  ][BC][  ]
3 [BS][  ][BS][  ][BS][  ][BS][  ][BS]
4 [  ][  ][  ][  ][  ][  ][  ][  ][  ]
5 [  ][  ][  ][  ][  ][  ][  ][  ][  ]
6 [RS][  ][RS][  ][RS][  ][RS][  ][RS]
7 [  ][RC][  ][  ][  ][  ][  ][RC][  ]
8 [  ][  ][  ][  ][  ][  ][  ][  ][  ]
9 [RR][RH][RE][RA][RG][RA][RE][RH][RR]

INFO play-akka.actor.default-dispatcher-372 de.htwg.xiangqi.view.tui - 
1: Player Red, choose piece and point: 
INFO play-akka.actor.default-dispatcher-380 de.htwg.xiangqi.view.tui - 
   0   1   2   3   4   5   6   7   8
0 [BR][BH][BE][BA][BG][BA][BE][BH][BR]
1 [  ][  ][  ][  ][  ][  ][  ][  ][  ]
2 [  ][BC][  ][  ][  ][  ][  ][BC][  ]
3 [BS][  ][BS][  ][BS][  ][BS][  ][BS]
4 [  ][  ][  ][  ][  ][  ][  ][  ][  ]
5 [  ][  ][  ][  ][  ][  ][  ][  ][  ]
6 [RS][  ][RS][  ][RS][  ][RS][  ][RS]
7 [  ][RC][  ][  ][  ][  ][  ][RC][  ]
8 [  ][  ][  ][  ][  ][  ][  ][  ][  ]
9 [RR][RH][RE][RA][RG][RA][RE][RH][RR]

INFO play-akka.actor.default-dispatcher-380 de.htwg.xiangqi.view.tui - 
1: Player Red, choose piece and point: 
INFO play-akka.actor.default-dispatcher-382 de.htwg.xiangqi.view.tui - 
   0   1   2   3   4   5   6   7   8
0 [BR][BH][BE][BA][BG][BA][BE][BH][BR]
1 [  ][  ][  ][  ][  ][  ][  ][  ][  ]
2 [  ][BC][  ][  ][  ][  ][  ][BC][  ]
3 [BS][  ][BS][  ][BS][  ][BS][  ][BS]
4 [  ][  ][  ][  ][  ][  ][  ][  ][  ]
5 [  ][  ][  ][  ][  ][  ][  ][  ][  ]
6 [RS][  ][RS][  ][RS][  ][RS][  ][RS]
7 [  ][RC][  ][  ][  ][  ][  ][RC][  ]
8 [  ][  ][  ][  ][  ][  ][  ][  ][  ]
9 [RR][RH][RE][RA][RG][RA][RE][RH][RR]

INFO play-akka.actor.default-dispatcher-382 de.htwg.xiangqi.view.tui - 
1: Player Red, choose piece and point: 
INFO play-akka.actor.default-dispatcher-382 de.htwg.xiangqi.view.tui - 
   0   1   2   3   4   5   6   7   8
0 [BR][BH][BE][BA][BG][BA][BE][BH][BR]
1 [  ][  ][  ][  ][  ][  ][  ][  ][  ]
2 [  ][BC][  ][  ][  ][  ][  ][BC][  ]
3 [BS][  ][BS][  ][BS][  ][BS][  ][BS]
4 [  ][  ][  ][  ][  ][  ][  ][  ][  ]
5 [  ][  ][  ][  ][  ][  ][  ][  ][  ]
6 [RS][  ][RS][  ][RS][  ][RS][  ][RS]
7 [  ][RC][  ][  ][  ][  ][  ][RC][  ]
8 [  ][  ][  ][  ][  ][  ][  ][  ][  ]
9 [RR][RH][RE][RA][RG][RA][RE][RH][RR]

INFO play-akka.actor.default-dispatcher-382 de.htwg.xiangqi.view.tui - 
1: Player Red, choose piece and point: 
INFO play-akka.actor.default-dispatcher-392 de.htwg.xiangqi.view.tui - 
   0   1   2   3   4   5   6   7   8
0 [BR][BH][BE][BA][BG][BA][BE][BH][BR]
1 [  ][  ][  ][  ][  ][  ][  ][  ][  ]
2 [  ][BC][  ][  ][  ][  ][  ][BC][  ]
3 [BS][  ][BS][  ][BS][  ][BS][  ][BS]
4 [  ][  ][  ][  ][  ][  ][  ][  ][  ]
5 [  ][  ][  ][  ][  ][  ][  ][  ][  ]
6 [RS][  ][RS][  ][RS][  ][RS][  ][RS]
7 [  ][RC][  ][  ][  ][  ][  ][RC][  ]
8 [  ][  ][  ][  ][  ][  ][  ][  ][  ]
9 [RR][RH][RE][RA][RG][RA][RE][RH][RR]

INFO play-akka.actor.default-dispatcher-392 de.htwg.xiangqi.view.tui - 
1: Player Red, choose piece and point: 
INFO play-akka.actor.default-dispatcher-404 de.htwg.xiangqi.view.tui - 
   0   1   2   3   4   5   6   7   8
0 [BR][BH][BE][BA][BG][BA][BE][BH][BR]
1 [  ][  ][  ][  ][  ][  ][  ][  ][  ]
2 [  ][BC][  ][  ][  ][  ][  ][BC][  ]
3 [BS][  ][BS][  ][BS][  ][BS][  ][BS]
4 [  ][  ][  ][  ][  ][  ][  ][  ][  ]
5 [  ][  ][  ][  ][  ][  ][  ][  ][  ]
6 [RS][  ][RS][  ][RS][  ][RS][  ][RS]
7 [  ][RC][  ][  ][  ][  ][  ][RC][  ]
8 [  ][  ][  ][  ][  ][  ][  ][  ][  ]
9 [RR][RH][RE][RA][RG][RA][RE][RH][RR]

INFO play-akka.actor.default-dispatcher-404 de.htwg.xiangqi.view.tui - 
1: Player Red, choose piece and point: 
INFO play-akka.actor.default-dispatcher-412 de.htwg.xiangqi.view.tui - 
   0   1   2   3   4   5   6   7   8
0 [BR][BH][BE][BA][BG][BA][BE][BH][BR]
1 [  ][  ][  ][  ][  ][  ][  ][  ][  ]
2 [  ][BC][  ][  ][  ][  ][  ][BC][  ]
3 [BS][  ][BS][  ][BS][  ][BS][  ][BS]
4 [  ][  ][  ][  ][  ][  ][  ][  ][  ]
5 [  ][  ][  ][  ][  ][  ][  ][  ][  ]
6 [RS][  ][RS][  ][RS][  ][RS][  ][RS]
7 [  ][RC][  ][  ][  ][  ][  ][RC][  ]
8 [  ][  ][  ][  ][  ][  ][  ][  ][  ]
9 [RR][RH][RE][RA][RG][RA][RE][RH][RR]

INFO play-akka.actor.default-dispatcher-412 de.htwg.xiangqi.view.tui - 
1: Player Red, choose piece and point: 
INFO play-akka.actor.default-dispatcher-415 de.htwg.xiangqi.view.tui - 
   0   1   2   3   4   5   6   7   8
0 [BR][BH][BE][BA][BG][BA][BE][BH][BR]
1 [  ][  ][  ][  ][  ][  ][  ][  ][  ]
2 [  ][BC][  ][  ][  ][  ][  ][BC][  ]
3 [BS][  ][BS][  ][BS][  ][BS][  ][BS]
4 [  ][  ][  ][  ][  ][  ][  ][  ][  ]
5 [  ][  ][  ][  ][  ][  ][  ][  ][  ]
6 [RS][  ][RS][  ][RS][  ][RS][  ][RS]
7 [  ][RC][  ][  ][  ][  ][  ][RC][  ]
8 [  ][  ][  ][  ][  ][  ][  ][  ][  ]
9 [RR][RH][RE][RA][RG][RA][RE][RH][RR]

INFO play-akka.actor.default-dispatcher-415 de.htwg.xiangqi.view.tui - 
1: Player Red, choose piece and point: 
INFO play-akka.actor.default-dispatcher-415 de.htwg.xiangqi.view.tui - 
   0   1   2   3   4   5   6   7   8
0 [BR][BH][BE][BA][BG][BA][BE][BH][BR]
1 [  ][  ][  ][  ][  ][  ][  ][  ][  ]
2 [  ][BC][  ][  ][  ][  ][  ][BC][  ]
3 [BS][  ][BS][  ][BS][  ][BS][  ][BS]
4 [  ][  ][  ][  ][  ][  ][  ][  ][  ]
5 [  ][  ][  ][  ][  ][  ][  ][  ][  ]
6 [RS][  ][RS][  ][RS][  ][RS][  ][RS]
7 [  ][RC][  ][  ][  ][  ][  ][RC][  ]
8 [  ][  ][  ][  ][  ][  ][  ][  ][  ]
9 [RR][RH][RE][RA][RG][RA][RE][RH][RR]

INFO play-akka.actor.default-dispatcher-415 de.htwg.xiangqi.view.tui - 
1: Player Red, choose piece and point: 
INFO play-akka.actor.default-dispatcher-424 de.htwg.xiangqi.view.tui - 
   0   1   2   3   4   5   6   7   8
0 [BR][BH][BE][BA][BG][BA][BE][BH][BR]
1 [  ][  ][  ][  ][  ][  ][  ][  ][  ]
2 [  ][BC][  ][  ][  ][  ][  ][BC][  ]
3 [BS][  ][BS][  ][BS][  ][BS][  ][BS]
4 [  ][  ][  ][  ][  ][  ][  ][  ][  ]
5 [  ][  ][  ][  ][  ][  ][  ][  ][  ]
6 [RS][  ][RS][  ][RS][  ][RS][  ][RS]
7 [  ][RC][  ][  ][  ][  ][  ][RC][  ]
8 [  ][  ][  ][  ][  ][  ][  ][  ][  ]
9 [RR][RH][RE][RA][RG][RA][RE][RH][RR]

INFO play-akka.actor.default-dispatcher-424 de.htwg.xiangqi.view.tui - 
1: Player Red, choose piece and point: 
INFO play-akka.actor.default-dispatcher-422 de.htwg.xiangqi.view.tui - 
   0   1   2   3   4   5   6   7   8
0 [BR][BH][BE][BA][BG][BA][BE][BH][BR]
1 [  ][  ][  ][  ][  ][  ][  ][  ][  ]
2 [  ][BC][  ][  ][  ][  ][  ][BC][  ]
3 [BS][  ][BS][  ][BS][  ][BS][  ][BS]
4 [  ][  ][  ][  ][  ][  ][  ][  ][  ]
5 [  ][  ][  ][  ][  ][  ][  ][  ][  ]
6 [RS][  ][RS][  ][RS][  ][RS][  ][RS]
7 [  ][RC][  ][  ][  ][  ][  ][RC][  ]
8 [  ][  ][  ][  ][  ][  ][  ][  ][  ]
9 [RR][RH][RE][RA][RG][RA][RE][RH][RR]

INFO play-akka.actor.default-dispatcher-422 de.htwg.xiangqi.view.tui - 
1: Player Red, choose piece and point: 
INFO play-akka.actor.default-dispatcher-422 de.htwg.xiangqi.view.tui - 
   0   1   2   3   4   5   6   7   8
0 [BR][BH][BE][BA][BG][BA][BE][BH][BR]
1 [  ][  ][  ][  ][  ][  ][  ][  ][  ]
2 [  ][BC][  ][  ][  ][  ][  ][BC][  ]
3 [BS][  ][BS][  ][BS][  ][BS][  ][BS]
4 [  ][  ][  ][  ][  ][  ][  ][  ][  ]
5 [  ][  ][  ][  ][  ][  ][  ][  ][  ]
6 [RS][  ][RS][  ][RS][  ][RS][  ][RS]
7 [  ][RC][  ][  ][  ][  ][  ][RC][  ]
8 [  ][  ][  ][  ][  ][  ][  ][  ][  ]
9 [RR][RH][RE][RA][RG][RA][RE][RH][RR]

INFO play-akka.actor.default-dispatcher-422 de.htwg.xiangqi.view.tui - 
1: Player Red, choose piece and point: 
INFO play-akka.actor.default-dispatcher-440 de.htwg.xiangqi.view.tui - 
   0   1   2   3   4   5   6   7   8
0 [BR][BH][BE][BA][BG][BA][BE][BH][BR]
1 [  ][  ][  ][  ][  ][  ][  ][  ][  ]
2 [  ][BC][  ][  ][  ][  ][  ][BC][  ]
3 [BS][  ][BS][  ][BS][  ][BS][  ][BS]
4 [  ][  ][  ][  ][  ][  ][  ][  ][  ]
5 [  ][  ][  ][  ][  ][  ][  ][  ][  ]
6 [RS][  ][RS][  ][RS][  ][RS][  ][RS]
7 [  ][RC][  ][  ][  ][  ][  ][RC][  ]
8 [  ][  ][  ][  ][  ][  ][  ][  ][  ]
9 [RR][RH][RE][RA][RG][RA][RE][RH][RR]

INFO play-akka.actor.default-dispatcher-440 de.htwg.xiangqi.view.tui - 
1: Player Red, choose piece and point: 
INFO play-akka.actor.default-dispatcher-446 de.htwg.xiangqi.view.tui - 
   0   1   2   3   4   5   6   7   8
0 [BR][BH][BE][BA][BG][BA][BE][BH][BR]
1 [  ][  ][  ][  ][  ][  ][  ][  ][  ]
2 [  ][BC][  ][  ][  ][  ][  ][BC][  ]
3 [BS][  ][BS][  ][BS][  ][BS][  ][BS]
4 [  ][  ][  ][  ][  ][  ][  ][  ][  ]
5 [  ][  ][  ][  ][  ][  ][  ][  ][  ]
6 [RS][  ][RS][  ][RS][  ][RS][  ][RS]
7 [  ][RC][  ][  ][  ][  ][  ][RC][  ]
8 [  ][  ][  ][  ][  ][  ][  ][  ][  ]
9 [RR][RH][RE][RA][RG][RA][RE][RH][RR]

INFO play-akka.actor.default-dispatcher-446 de.htwg.xiangqi.view.tui - 
1: Player Red, choose piece and point: 
INFO play-akka.actor.default-dispatcher-449 de.htwg.xiangqi.view.tui - 
   0   1   2   3   4   5   6   7   8
0 [BR][BH][BE][BA][BG][BA][BE][BH][BR]
1 [  ][  ][  ][  ][  ][  ][  ][  ][  ]
2 [  ][BC][  ][  ][  ][  ][  ][BC][  ]
3 [BS][  ][BS][  ][BS][  ][BS][  ][BS]
4 [  ][  ][  ][  ][  ][  ][  ][  ][  ]
5 [  ][  ][  ][  ][  ][  ][  ][  ][  ]
6 [RS][  ][RS][  ][RS][  ][RS][  ][RS]
7 [  ][RC][  ][  ][  ][  ][  ][RC][  ]
8 [  ][  ][  ][  ][  ][  ][  ][  ][  ]
9 [RR][RH][RE][RA][RG][RA][RE][RH][RR]

INFO play-akka.actor.default-dispatcher-449 de.htwg.xiangqi.view.tui - 
1: Player Red, choose piece and point: 
INFO play-akka.actor.default-dispatcher-456 de.htwg.xiangqi.view.tui - 
   0   1   2   3   4   5   6   7   8
0 [BR][BH][BE][BA][BG][BA][BE][BH][BR]
1 [  ][  ][  ][  ][  ][  ][  ][  ][  ]
2 [  ][BC][  ][  ][  ][  ][  ][BC][  ]
3 [BS][  ][BS][  ][BS][  ][BS][  ][BS]
4 [  ][  ][  ][  ][  ][  ][  ][  ][  ]
5 [  ][  ][  ][  ][  ][  ][  ][  ][  ]
6 [RS][  ][RS][  ][RS][  ][RS][  ][RS]
7 [  ][RC][  ][  ][  ][  ][  ][RC][  ]
8 [  ][  ][  ][  ][  ][  ][  ][  ][  ]
9 [RR][RH][RE][RA][RG][RA][RE][RH][RR]

INFO play-akka.actor.default-dispatcher-456 de.htwg.xiangqi.view.tui - 
1: Player Red, choose piece and point: 
INFO play-akka.actor.default-dispatcher-9 de.htwg.xiangqi.view.tui - 
   0   1   2   3   4   5   6   7   8
0 [BR][BH][BE][BA][BG][BA][BE][BH][BR]
1 [  ][  ][  ][  ][  ][  ][  ][  ][  ]
2 [  ][BC][  ][  ][  ][  ][  ][BC][  ]
3 [BS][  ][BS][  ][BS][  ][BS][  ][BS]
4 [  ][  ][  ][  ][  ][  ][  ][  ][  ]
5 [  ][  ][  ][  ][  ][  ][  ][  ][  ]
6 [RS][  ][RS][  ][RS][  ][RS][  ][RS]
7 [  ][RC][  ][  ][  ][  ][  ][RC][  ]
8 [  ][  ][  ][  ][  ][  ][  ][  ][  ]
9 [RR][RH][RE][RA][RG][RA][RE][RH][RR]

INFO play-akka.actor.default-dispatcher-9 de.htwg.xiangqi.view.tui - 
1: Player Red, choose piece and point: 
